<?xml version="1.0" encoding="UTF-8" ?>
<testsuite tests="2" failures="1" name="TestSuite" time="36.957" errors="0" skipped="0">
  <properties>
[...]
</properties>
  <testcase classname="Scenario.FailedCreditCardPaymentTest" name="failedPaymentFlow" time="16.703">
    <failure message="no such element: Unable to locate element: {&quot;method&quot;:&quot;xpath&quot;,&quot;selector&quot;:&quot;//div[@class=&apos;text-failed&apos;]//*[text()=&apos;Your card got declined by the bank&apos;]&quot;}
  (Session info: chrome=81.0.4044.138)
For documentation on this error, please visit: https://www.seleniumhq.org/exceptions/no_such_element.html
Build info: version: &apos;3.141.59&apos;, revision: &apos;e82be7d358&apos;, time: &apos;2018-11-14T08:17:03&apos;
System info: host: &apos;Apples-MacBook-Air.local&apos;, ip: &apos;2405:201:80d:3f5a:7c5b:d14c:177b:6061%en0&apos;, os.name: &apos;Mac OS X&apos;, os.arch: &apos;x86_64&apos;, os.version: &apos;10.14.6&apos;, java.version: &apos;1.8.0_251&apos;
Driver info: org.openqa.selenium.chrome.ChromeDriver
Capabilities {acceptInsecureCerts: false, browserName: chrome, browserVersion: 81.0.4044.138, chrome: {chromedriverVersion: 81.0.4044.138 (8c6c7ba89cc9..., userDataDir: /var/folders/8l/1smt46vn4yz...}, goog:chromeOptions: {debuggerAddress: localhost:52614}, javascriptEnabled: true, networkConnectionEnabled: false, pageLoadStrategy: normal, platform: MAC, platformName: MAC, proxy: Proxy(), setWindowRect: true, strictFileInteractability: false, timeouts: {implicit: 0, pageLoad: 300000, script: 30000}, unhandledPromptBehavior: dismiss and notify, webauthn:virtualAuthenticators: true}
Session ID: edb46d07785da02d1c88b8bc690115ef
*** Element info: {Using=xpath, value=//div[@class=&apos;text-failed&apos;]//*[text()=&apos;Your card got declined by the bank&apos;]}" type="org.openqa.selenium.NoSuchElementException">org.openqa.selenium.NoSuchElementException: no such element: Unable to locate element: {&quot;method&quot;:&quot;xpath&quot;,&quot;selector&quot;:&quot;//div[@class=&apos;text-failed&apos;]//*[text()=&apos;Your card got declined by the bank&apos;]&quot;}
  (Session info: chrome=81.0.4044.138)
For documentation on this error, please visit: https://www.seleniumhq.org/exceptions/no_such_element.html
Build info: version: &apos;3.141.59&apos;, revision: &apos;e82be7d358&apos;, time: &apos;2018-11-14T08:17:03&apos;
System info: host: &apos;Apples-MacBook-Air.local&apos;, ip: &apos;2405:201:80d:3f5a:7c5b:d14c:177b:6061%en0&apos;, os.name: &apos;Mac OS X&apos;, os.arch: &apos;x86_64&apos;, os.version: &apos;10.14.6&apos;, java.version: &apos;1.8.0_251&apos;
Driver info: org.openqa.selenium.chrome.ChromeDriver
Capabilities {acceptInsecureCerts: false, browserName: chrome, browserVersion: 81.0.4044.138, chrome: {chromedriverVersion: 81.0.4044.138 (8c6c7ba89cc9..., userDataDir: /var/folders/8l/1smt46vn4yz...}, goog:chromeOptions: {debuggerAddress: localhost:52614}, javascriptEnabled: true, networkConnectionEnabled: false, pageLoadStrategy: normal, platform: MAC, platformName: MAC, proxy: Proxy(), setWindowRect: true, strictFileInteractability: false, timeouts: {implicit: 0, pageLoad: 300000, script: 30000}, unhandledPromptBehavior: dismiss and notify, webauthn:virtualAuthenticators: true}
Session ID: edb46d07785da02d1c88b8bc690115ef
*** Element info: {Using=xpath, value=//div[@class=&apos;text-failed&apos;]//*[text()=&apos;Your card got declined by the bank&apos;]}
	at sun.reflect.NativeConstructorAccessorImpl.newInstance0(Native Method)
	at sun.reflect.NativeConstructorAccessorImpl.newInstance(NativeConstructorAccessorImpl.java:62)
	at sun.reflect.DelegatingConstructorAccessorImpl.newInstance(DelegatingConstructorAccessorImpl.java:45)
	at java.lang.reflect.Constructor.newInstance(Constructor.java:423)
	at org.openqa.selenium.remote.http.W3CHttpResponseCodec.createException(W3CHttpResponseCodec.java:187)
	at org.openqa.selenium.remote.http.W3CHttpResponseCodec.decode(W3CHttpResponseCodec.java:122)
	at org.openqa.selenium.remote.http.W3CHttpResponseCodec.decode(W3CHttpResponseCodec.java:49)
	at org.openqa.selenium.remote.HttpCommandExecutor.execute(HttpCommandExecutor.java:158)
	at org.openqa.selenium.remote.service.DriverCommandExecutor.execute(DriverCommandExecutor.java:83)
	at org.openqa.selenium.remote.RemoteWebDriver.execute(RemoteWebDriver.java:552)
	at org.openqa.selenium.remote.RemoteWebDriver.findElement(RemoteWebDriver.java:323)
	at org.openqa.selenium.remote.RemoteWebDriver.findElementByXPath(RemoteWebDriver.java:428)
	at org.openqa.selenium.By$ByXPath.findElement(By.java:353)
	at org.openqa.selenium.remote.RemoteWebDriver.findElement(RemoteWebDriver.java:315)
	at org.openqa.selenium.support.pagefactory.DefaultElementLocator.findElement(DefaultElementLocator.java:69)
	at org.openqa.selenium.support.pagefactory.internal.LocatingElementHandler.invoke(LocatingElementHandler.java:38)
	at com.sun.proxy.$Proxy11.isDisplayed(Unknown Source)
	at Scenario.FailedCreditCardPaymentTest.failedPaymentFlow(FailedCreditCardPaymentTest.java:96)
</failure>
    <system-out>Configuring TestNG with: org.apache.maven.surefire.testng.conf.TestNG652Configurator@5aaa6d82
</system-out>
    <system-err>Starting ChromeDriver 81.0.4044.138 (8c6c7ba89cc9453625af54f11fd83179e23450fa-refs/branch-heads/4044@{#999}) on port 24527
Only local connections are allowed.
Please protect ports used by ChromeDriver and related test frameworks to prevent access by malicious code.
May 19, 2020 10:14:31 PM org.openqa.selenium.remote.ProtocolHandshake createSession
INFO: Detected dialect: W3C
[1589906673.156][SEVERE]: Timed out receiving message from renderer: 0.100
[1589906673.259][SEVERE]: Timed out receiving message from renderer: 0.100
[1589906673.370][SEVERE]: Timed out receiving message from renderer: 0.100
[1589906673.497][SEVERE]: Timed out receiving message from renderer: 0.100
[1589906673.600][SEVERE]: Timed out receiving message from renderer: 0.100
[1589906673.703][SEVERE]: Timed out receiving message from renderer: 0.100
[1589906673.804][SEVERE]: Timed out receiving message from renderer: 0.100
[1589906674.194][SEVERE]: Timed out receiving message from renderer: 0.100
[1589906674.363][SEVERE]: Timed out receiving message from renderer: 0.100
[1589906674.471][SEVERE]: Timed out receiving message from renderer: 0.100
[1589906674.573][SEVERE]: Timed out receiving message from renderer: 0.100
[1589906674.675][SEVERE]: Timed out receiving message from renderer: 0.100
[1589906674.779][SEVERE]: Timed out receiving message from renderer: 0.100
[1589906674.883][SEVERE]: Timed out receiving message from renderer: 0.100
[1589906674.985][SEVERE]: Timed out receiving message from renderer: 0.100
Starting ChromeDriver 81.0.4044.138 (8c6c7ba89cc9453625af54f11fd83179e23450fa-refs/branch-heads/4044@{#999}) on port 23701
Only local connections are allowed.
Please protect ports used by ChromeDriver and related test frameworks to prevent access by malicious code.
May 19, 2020 10:14:37 PM org.openqa.selenium.remote.ProtocolHandshake createSession
INFO: Detected dialect: W3C
[1589906678.713][SEVERE]: Timed out receiving message from renderer: 0.100
[1589906678.817][SEVERE]: Timed out receiving message from renderer: 0.100
[1589906679.207][SEVERE]: Timed out receiving message from renderer: 0.100
[1589906679.364][SEVERE]: Timed out receiving message from renderer: 0.100
[1589906679.466][SEVERE]: Timed out receiving message from renderer: 0.100
[1589906679.568][SEVERE]: Timed out receiving message from renderer: 0.100
[1589906679.670][SEVERE]: Timed out receiving message from renderer: 0.100
[1589906687.762][SEVERE]: Timed out receiving message from renderer: 0.100
[1589906688.264][SEVERE]: Timed out receiving message from renderer: 0.100
[1589906688.367][SEVERE]: Timed out receiving message from renderer: 0.100
[1589906688.469][SEVERE]: Timed out receiving message from renderer: 0.100
[1589906688.573][SEVERE]: Timed out receiving message from renderer: 0.100
[1589906688.676][SEVERE]: Timed out receiving message from renderer: 0.100
[1589906688.779][SEVERE]: Timed out receiving message from renderer: 0.100
[1589906688.882][SEVERE]: Timed out receiving message from renderer: 0.100
[1589906688.986][SEVERE]: Timed out receiving message from renderer: 0.100
[1589906689.091][SEVERE]: Timed out receiving message from renderer: 0.100
[1589906689.197][SEVERE]: Timed out receiving message from renderer: 0.100
[1589906689.298][SEVERE]: Timed out receiving message from renderer: 0.100
[1589906689.401][SEVERE]: Timed out receiving message from renderer: 0.100
</system-err>
  </testcase>
  <testcase classname="Scenario.SuccessCreditCardPaymentTest" name="successPaymentFlow" time="20.254"/>
</testsuite>